1514518394230	geckodriver	INFO	geckodriver 0.19.1
1514518394233	geckodriver	INFO	Listening on 127.0.0.1:36915
1514518395350	mozrunner::runner	INFO	Running command: "/usr/bin/firefox" "-marionette" "-profile" "/tmp/rust_mozprofile.5BunsCRgqC7C"
1514518395482	addons.manager	DEBUG	Application has been upgraded
1514518395497	addons.manager	DEBUG	Loaded provider scope for resource://gre/modules/addons/XPIProvider.jsm: ["XPIProvider", "XPIInternal"]
1514518395499	addons.manager	DEBUG	Loaded provider scope for resource://gre/modules/LightweightThemeManager.jsm: ["LightweightThemeManager"]
1514518395514	addons.manager	DEBUG	Loaded provider scope for resource://gre/modules/addons/GMPProvider.jsm
1514518395515	addons.manager	DEBUG	Loaded provider scope for resource://gre/modules/addons/PluginProvider.jsm
1514518395516	addons.manager	DEBUG	Starting provider: XPIProvider
1514518395516	addons.xpi	DEBUG	startup
1514518395516	addons.xpi	INFO	SystemAddonInstallLocation directory is missing
1514518395516	addons.xpi	INFO	Removing all system add-on upgrades.
1514518395517	addons.xpi	DEBUG	checkForChanges
1514518395517	addons.xpi	DEBUG	Loaded add-on state: ${}
1514518395518	addons.xpi	INFO	Mapping aushelper@mozilla.org to /usr/lib/firefox/browser/features/aushelper@mozilla.org.xpi
1514518395518	addons.xpi	INFO	Mapping firefox@getpocket.com to /usr/lib/firefox/browser/features/firefox@getpocket.com.xpi
1514518395518	addons.xpi	INFO	Mapping onboarding@mozilla.org to /usr/lib/firefox/browser/features/onboarding@mozilla.org.xpi
1514518395518	addons.xpi	INFO	Mapping activity-stream@mozilla.org to /usr/lib/firefox/browser/features/activity-stream@mozilla.org.xpi
1514518395518	addons.xpi	INFO	Mapping shield-recipe-client@mozilla.org to /usr/lib/firefox/browser/features/shield-recipe-client@mozilla.org.xpi
1514518395518	addons.xpi	INFO	Mapping webcompat@mozilla.org to /usr/lib/firefox/browser/features/webcompat@mozilla.org.xpi
1514518395518	addons.xpi	INFO	Mapping formautofill@mozilla.org to /usr/lib/firefox/browser/features/formautofill@mozilla.org.xpi
1514518395518	addons.xpi	INFO	Mapping screenshots@mozilla.org to /usr/lib/firefox/browser/features/screenshots@mozilla.org.xpi
1514518395518	addons.xpi	INFO	Mapping followonsearch@mozilla.com to /usr/lib/firefox/browser/features/followonsearch@mozilla.com.xpi
1514518395519	addons.xpi	INFO	Mapping e10srollout@mozilla.org to /usr/lib/firefox/browser/features/e10srollout@mozilla.org.xpi
1514518395519	addons.xpi	DEBUG	New add-on aushelper@mozilla.org in app-system-defaults
1514518395520	addons.xpi	INFO	Mapping aushelper@mozilla.org to /usr/lib/firefox/browser/features/aushelper@mozilla.org.xpi
1514518395520	addons.xpi	DEBUG	New add-on firefox@getpocket.com in app-system-defaults
1514518395520	addons.xpi	INFO	Mapping firefox@getpocket.com to /usr/lib/firefox/browser/features/firefox@getpocket.com.xpi
1514518395521	addons.xpi	DEBUG	New add-on onboarding@mozilla.org in app-system-defaults
1514518395521	addons.xpi	INFO	Mapping onboarding@mozilla.org to /usr/lib/firefox/browser/features/onboarding@mozilla.org.xpi
1514518395521	addons.xpi	DEBUG	New add-on activity-stream@mozilla.org in app-system-defaults
1514518395521	addons.xpi	INFO	Mapping activity-stream@mozilla.org to /usr/lib/firefox/browser/features/activity-stream@mozilla.org.xpi
1514518395521	addons.xpi	DEBUG	New add-on shield-recipe-client@mozilla.org in app-system-defaults
1514518395522	addons.xpi	INFO	Mapping shield-recipe-client@mozilla.org to /usr/lib/firefox/browser/features/shield-recipe-client@mozilla.org.xpi
1514518395522	addons.xpi	DEBUG	New add-on webcompat@mozilla.org in app-system-defaults
1514518395522	addons.xpi	INFO	Mapping webcompat@mozilla.org to /usr/lib/firefox/browser/features/webcompat@mozilla.org.xpi
1514518395522	addons.xpi	DEBUG	New add-on formautofill@mozilla.org in app-system-defaults
1514518395522	addons.xpi	INFO	Mapping formautofill@mozilla.org to /usr/lib/firefox/browser/features/formautofill@mozilla.org.xpi
1514518395522	addons.xpi	DEBUG	New add-on screenshots@mozilla.org in app-system-defaults
1514518395522	addons.xpi	INFO	Mapping screenshots@mozilla.org to /usr/lib/firefox/browser/features/screenshots@mozilla.org.xpi
1514518395523	addons.xpi	DEBUG	New add-on followonsearch@mozilla.com in app-system-defaults
1514518395523	addons.xpi	INFO	Mapping followonsearch@mozilla.com to /usr/lib/firefox/browser/features/followonsearch@mozilla.com.xpi
1514518395523	addons.xpi	DEBUG	New add-on e10srollout@mozilla.org in app-system-defaults
1514518395523	addons.xpi	INFO	Mapping e10srollout@mozilla.org to /usr/lib/firefox/browser/features/e10srollout@mozilla.org.xpi
1514518395523	addons.xpi	INFO	Mapping langpack-en-GB@firefox.mozilla.org to /usr/lib/firefox/browser/extensions/langpack-en-GB@firefox.mozilla.org.xpi
1514518395523	addons.xpi	INFO	Mapping {972ce4c6-7e08-4474-a285-3208198ce6fd} to /usr/lib/firefox/browser/extensions/{972ce4c6-7e08-4474-a285-3208198ce6fd}.xpi
1514518395523	addons.xpi	INFO	Mapping langpack-en-ZA@firefox.mozilla.org to /usr/lib/firefox/browser/extensions/langpack-en-ZA@firefox.mozilla.org.xpi
1514518395524	addons.xpi	DEBUG	New add-on langpack-en-GB@firefox.mozilla.org in app-global
1514518395524	addons.xpi	INFO	Mapping langpack-en-GB@firefox.mozilla.org to /usr/lib/firefox/browser/extensions/langpack-en-GB@firefox.mozilla.org.xpi
1514518395524	addons.xpi	DEBUG	New add-on {972ce4c6-7e08-4474-a285-3208198ce6fd} in app-global
1514518395524	addons.xpi	INFO	Mapping {972ce4c6-7e08-4474-a285-3208198ce6fd} to /usr/lib/firefox/browser/extensions/{972ce4c6-7e08-4474-a285-3208198ce6fd}.xpi
1514518395524	addons.xpi	DEBUG	New add-on langpack-en-ZA@firefox.mozilla.org in app-global
1514518395524	addons.xpi	INFO	Mapping langpack-en-ZA@firefox.mozilla.org to /usr/lib/firefox/browser/extensions/langpack-en-ZA@firefox.mozilla.org.xpi
1514518395525	addons.xpi	DEBUG	getInstallState changed: true, state: {}
1514518395525	addons.xpi	INFO	SystemAddonInstallLocation directory is missing
1514518395529	addons.xpi-utils	DEBUG	Opening XPI database /tmp/rust_mozprofile.5BunsCRgqC7C/extensions.json
1514518395530	addons.xpi-utils	DEBUG	New add-on aushelper@mozilla.org installed in app-system-defaults
*** Blocklist::_loadBlocklistFromFile: blocklist is disabled
1514518395545	DeferredSave.extensions.json	DEBUG	Save changes
1514518395546	addons.xpi-utils	DEBUG	New add-on firefox@getpocket.com installed in app-system-defaults
1514518395548	DeferredSave.extensions.json	DEBUG	Starting timer
1514518395550	DeferredSave.extensions.json	DEBUG	Save changes
1514518395550	addons.xpi-utils	DEBUG	New add-on onboarding@mozilla.org installed in app-system-defaults
1514518395553	DeferredSave.extensions.json	DEBUG	Save changes
1514518395553	addons.xpi-utils	DEBUG	New add-on activity-stream@mozilla.org installed in app-system-defaults
1514518395556	DeferredSave.extensions.json	DEBUG	Save changes
1514518395556	addons.xpi-utils	DEBUG	New add-on shield-recipe-client@mozilla.org installed in app-system-defaults
1514518395558	DeferredSave.extensions.json	DEBUG	Save changes
1514518395558	addons.xpi-utils	DEBUG	New add-on webcompat@mozilla.org installed in app-system-defaults
1514518395561	DeferredSave.extensions.json	DEBUG	Save changes
1514518395561	addons.xpi-utils	DEBUG	New add-on formautofill@mozilla.org installed in app-system-defaults
1514518395565	DeferredSave.extensions.json	DEBUG	Save changes
1514518395565	addons.xpi-utils	DEBUG	New add-on screenshots@mozilla.org installed in app-system-defaults
1514518395568	DeferredSave.extensions.json	DEBUG	Save changes
1514518395568	addons.xpi-utils	DEBUG	New add-on followonsearch@mozilla.com installed in app-system-defaults
1514518395570	DeferredSave.extensions.json	DEBUG	Save changes
1514518395570	addons.xpi-utils	DEBUG	New add-on e10srollout@mozilla.org installed in app-system-defaults
1514518395572	DeferredSave.extensions.json	DEBUG	Save changes
1514518395572	addons.xpi-utils	DEBUG	New add-on langpack-en-GB@firefox.mozilla.org installed in app-global
1514518395577	DeferredSave.extensions.json	DEBUG	Save changes
1514518395577	addons.xpi-utils	DEBUG	New add-on {972ce4c6-7e08-4474-a285-3208198ce6fd} installed in app-global
1514518395579	DeferredSave.extensions.json	DEBUG	Save changes
1514518395579	addons.xpi-utils	DEBUG	New add-on langpack-en-ZA@firefox.mozilla.org installed in app-global
1514518395583	DeferredSave.extensions.json	DEBUG	Save changes
1514518395584	addons.manager	DEBUG	Registering startup change 'installed' for aushelper@mozilla.org
1514518395590	addons.xpi	DEBUG	Loading bootstrap scope from /usr/lib/firefox/browser/features/aushelper@mozilla.org.xpi
1514518395591	addons.xpi	DEBUG	Calling bootstrap method install on aushelper@mozilla.org version 2.0
1514518395591	addons.xpi-utils	DEBUG	Make addon app-system-defaults:aushelper@mozilla.org visible
1514518395591	addons.xpi	DEBUG	Updating XPIState for {"id":"aushelper@mozilla.org","syncGUID":"{a7231a6f-4edc-4fbe-8149-eda07d0e0516}","location":"app-system-defaults","version":"2.0","type":"extension","internalName":null,"updateURL":null,"updateKey":null,"optionsURL":null,"optionsType":null,"aboutURL":null,"defaultLocale":{"name":"Application Update Service Helper","description":"Sets value(s) in the update url based on custom checks.","creator":null,"homepageURL":null},"visible":true,"active":false,"userDisabled":false,"appDisabled":false,"installDate":1514384547000,"updateDate":1514384547000,"applyBackgroundUpdates":1,"bootstrap":true,"path":"/usr/lib/firefox/browser/features/aushelper@mozilla.org.xpi","skinnable":false,"size":8488,"sourceURI":null,"releaseNotesURI":null,"softDisabled":false,"foreignInstall":false,"hasBinaryComponents":false,"strictCompatibility":false,"locales":[],"targetApplications":[{"id":"{ec8030f7-c20a-464f-9b0e-13a3a9e97384}","minVersion":"57.0.3","maxVersion":"57.*"}],"targetPlatforms":[],"multiprocessCompatible":true,"seen":true,"dependencies":[],"hasEmbeddedWebExtension":false,"mpcOptedOut":false,"userPermissions":null,"icons":{},"iconURL":null,"icon64URL":null,"blocklistState":0,"blocklistURL":null}
1514518395593	DeferredSave.extensions.json	DEBUG	Save changes
1514518395593	addons.manager	DEBUG	Registering startup change 'installed' for firefox@getpocket.com
1514518395593	addons.xpi	DEBUG	Loading bootstrap scope from /usr/lib/firefox/browser/features/firefox@getpocket.com.xpi
1514518395597	addons.xpi	DEBUG	Calling bootstrap method install on firefox@getpocket.com version 1.0.5
1514518395597	addons.xpi-utils	DEBUG	Make addon app-system-defaults:firefox@getpocket.com visible
1514518395597	addons.xpi	DEBUG	Updating XPIState for {"id":"firefox@getpocket.com","syncGUID":"{076bc983-98de-4a39-97fd-eabd36f1e540}","location":"app-system-defaults","version":"1.0.5","type":"extension","internalName":null,"updateURL":null,"updateKey":null,"optionsURL":null,"optionsType":null,"aboutURL":null,"defaultLocale":{"name":"Pocket","description":"When you find something you want to view later, put it in Pocket.","creator":null,"homepageURL":null},"visible":true,"active":false,"userDisabled":false,"appDisabled":false,"installDate":1514384547000,"updateDate":1514384547000,"applyBackgroundUpdates":1,"bootstrap":true,"path":"/usr/lib/firefox/browser/features/firefox@getpocket.com.xpi","skinnable":false,"size":907648,"sourceURI":null,"releaseNotesURI":null,"softDisabled":false,"foreignInstall":false,"hasBinaryComponents":false,"strictCompatibility":false,"locales":[],"targetApplications":[{"id":"{ec8030f7-c20a-464f-9b0e-13a3a9e97384}","minVersion":"57.0.3","maxVersion":"57.*"}],"targetPlatforms":[],"multiprocessCompatible":true,"seen":true,"dependencies":[],"hasEmbeddedWebExtension":false,"mpcOptedOut":false,"userPermissions":null,"icons":{},"iconURL":null,"icon64URL":null,"blocklistState":0,"blocklistURL":null}
1514518395597	DeferredSave.extensions.json	DEBUG	Save changes
1514518395598	addons.manager	DEBUG	Registering startup change 'installed' for onboarding@mozilla.org
1514518395598	addons.xpi	DEBUG	Loading bootstrap scope from /usr/lib/firefox/browser/features/onboarding@mozilla.org.xpi
1514518395599	addons.xpi	DEBUG	Calling bootstrap method install on onboarding@mozilla.org version 1.0
1514518395599	addons.xpi-utils	DEBUG	Make addon app-system-defaults:onboarding@mozilla.org visible
1514518395600	addons.xpi	DEBUG	Updating XPIState for {"id":"onboarding@mozilla.org","syncGUID":"{0a4be90e-faca-4ca1-b68b-77e2c2df38ef}","location":"app-system-defaults","version":"1.0","type":"extension","internalName":null,"updateURL":null,"updateKey":null,"optionsURL":null,"optionsType":null,"aboutURL":null,"defaultLocale":{"name":"Photon onboarding","description":"Photon onboarding","creator":null,"homepageURL":null},"visible":true,"active":false,"userDisabled":false,"appDisabled":false,"installDate":1514384547000,"updateDate":1514384547000,"applyBackgroundUpdates":1,"bootstrap":true,"path":"/usr/lib/firefox/browser/features/onboarding@mozilla.org.xpi","skinnable":false,"size":550106,"sourceURI":null,"releaseNotesURI":null,"softDisabled":false,"foreignInstall":false,"hasBinaryComponents":false,"strictCompatibility":false,"locales":[],"targetApplications":[{"id":"{ec8030f7-c20a-464f-9b0e-13a3a9e97384}","minVersion":"57.0.3","maxVersion":"57.*"}],"targetPlatforms":[],"multiprocessCompatible":true,"seen":true,"dependencies":[],"hasEmbeddedWebExtension":false,"mpcOptedOut":false,"userPermissions":null,"icons":{},"iconURL":null,"icon64URL":null,"blocklistState":0,"blocklistURL":null}
1514518395600	DeferredSave.extensions.json	DEBUG	Save changes
1514518395600	addons.manager	DEBUG	Registering startup change 'installed' for activity-stream@mozilla.org
1514518395600	addons.xpi	DEBUG	Loading bootstrap scope from /usr/lib/firefox/browser/features/activity-stream@mozilla.org.xpi
1514518395602	addons.xpi	DEBUG	Calling bootstrap method install on activity-stream@mozilla.org version 2017.11.07.1100-7f4e3634
1514518395602	addons.xpi-utils	DEBUG	Make addon app-system-defaults:activity-stream@mozilla.org visible
1514518395602	addons.xpi	DEBUG	Updating XPIState for {"id":"activity-stream@mozilla.org","syncGUID":"{9dc42f56-5b44-43f3-8356-0791531818e7}","location":"app-system-defaults","version":"2017.11.07.1100-7f4e3634","type":"extension","internalName":null,"updateURL":null,"updateKey":null,"optionsURL":null,"optionsType":null,"aboutURL":null,"defaultLocale":{"name":"Activity Stream","description":"A rich visual history feed and a reimagined home page make it easier than ever to find exactly what you're looking for in Firefox.","creator":null,"homepageURL":null},"visible":true,"active":false,"userDisabled":false,"appDisabled":false,"installDate":1514384547000,"updateDate":1514384547000,"applyBackgroundUpdates":1,"bootstrap":true,"path":"/usr/lib/firefox/browser/features/activity-stream@mozilla.org.xpi","skinnable":false,"size":1423182,"sourceURI":null,"releaseNotesURI":null,"softDisabled":false,"foreignInstall":false,"hasBinaryComponents":false,"strictCompatibility":false,"locales":[],"targetApplications":[{"id":"{ec8030f7-c20a-464f-9b0e-13a3a9e97384}","minVersion":"57.0.3","maxVersion":"57.*"}],"targetPlatforms":[],"multiprocessCompatible":true,"seen":true,"dependencies":[],"hasEmbeddedWebExtension":false,"mpcOptedOut":false,"userPermissions":null,"icons":{},"iconURL":null,"icon64URL":null,"blocklistState":0,"blocklistURL":null}
1514518395602	DeferredSave.extensions.json	DEBUG	Save changes
1514518395602	addons.manager	DEBUG	Registering startup change 'installed' for shield-recipe-client@mozilla.org
1514518395603	addons.xpi	DEBUG	Loading bootstrap scope from /usr/lib/firefox/browser/features/shield-recipe-client@mozilla.org.xpi
1514518395604	addons.xpi	DEBUG	Calling bootstrap method install on shield-recipe-client@mozilla.org version 76.1
1514518395605	addons.xpi-utils	DEBUG	Make addon app-system-defaults:shield-recipe-client@mozilla.org visible
1514518395605	addons.xpi	DEBUG	Updating XPIState for {"id":"shield-recipe-client@mozilla.org","syncGUID":"{33cc1d5a-d023-40b6-b9ff-74b030fa8f79}","location":"app-system-defaults","version":"76.1","type":"extension","internalName":null,"updateURL":null,"updateKey":null,"optionsURL":null,"optionsType":null,"aboutURL":null,"defaultLocale":{"name":"Shield Recipe Client","description":"Client to download and run recipes for SHIELD, Heartbeat, etc.","creator":null,"homepageURL":null},"visible":true,"active":false,"userDisabled":false,"appDisabled":false,"installDate":1514384547000,"updateDate":1514384547000,"applyBackgroundUpdates":1,"bootstrap":true,"path":"/usr/lib/firefox/browser/features/shield-recipe-client@mozilla.org.xpi","skinnable":false,"size":364002,"sourceURI":null,"releaseNotesURI":null,"softDisabled":false,"foreignInstall":false,"hasBinaryComponents":false,"strictCompatibility":false,"locales":[],"targetApplications":[{"id":"{ec8030f7-c20a-464f-9b0e-13a3a9e97384}","minVersion":"57.0.3","maxVersion":"57.*"}],"targetPlatforms":[],"multiprocessCompatible":true,"seen":true,"dependencies":[],"hasEmbeddedWebExtension":false,"mpcOptedOut":false,"userPermissions":null,"icons":{},"iconURL":null,"icon64URL":null,"blocklistState":0,"blocklistURL":null}
1514518395605	DeferredSave.extensions.json	DEBUG	Save changes
1514518395605	addons.manager	DEBUG	Registering startup change 'installed' for webcompat@mozilla.org
1514518395606	addons.xpi	DEBUG	Loading bootstrap scope from /usr/lib/firefox/browser/features/webcompat@mozilla.org.xpi
1514518395607	addons.xpi	DEBUG	Calling bootstrap method install on webcompat@mozilla.org version 1.1
1514518395607	addons.xpi-utils	DEBUG	Make addon app-system-defaults:webcompat@mozilla.org visible
1514518395607	addons.xpi	DEBUG	Updating XPIState for {"id":"webcompat@mozilla.org","syncGUID":"{9fadce66-b314-4220-a524-0e2fe901549d}","location":"app-system-defaults","version":"1.1","type":"extension","internalName":null,"updateURL":null,"updateKey":null,"optionsURL":null,"optionsType":null,"aboutURL":null,"defaultLocale":{"name":"Web Compat","description":"Urgent post-release fixes for web compatibility.","creator":null,"homepageURL":null},"visible":true,"active":false,"userDisabled":false,"appDisabled":false,"installDate":1514384547000,"updateDate":1514384547000,"applyBackgroundUpdates":1,"bootstrap":true,"path":"/usr/lib/firefox/browser/features/webcompat@mozilla.org.xpi","skinnable":false,"size":9268,"sourceURI":null,"releaseNotesURI":null,"softDisabled":false,"foreignInstall":false,"hasBinaryComponents":false,"strictCompatibility":false,"locales":[],"targetApplications":[{"id":"{ec8030f7-c20a-464f-9b0e-13a3a9e97384}","minVersion":"57.0.3","maxVersion":"57.*"}],"targetPlatforms":[],"multiprocessCompatible":true,"seen":true,"dependencies":[],"hasEmbeddedWebExtension":false,"mpcOptedOut":false,"userPermissions":null,"icons":{},"iconURL":null,"icon64URL":null,"blocklistState":0,"blocklistURL":null}
1514518395607	DeferredSave.extensions.json	DEBUG	Save changes
1514518395607	addons.manager	DEBUG	Registering startup change 'installed' for formautofill@mozilla.org
1514518395608	addons.xpi	DEBUG	Loading bootstrap scope from /usr/lib/firefox/browser/features/formautofill@mozilla.org.xpi
1514518395609	addons.xpi	DEBUG	Calling bootstrap method install on formautofill@mozilla.org version 1.0
1514518395609	addons.xpi-utils	DEBUG	Make addon app-system-defaults:formautofill@mozilla.org visible
1514518395609	addons.xpi	DEBUG	Updating XPIState for {"id":"formautofill@mozilla.org","syncGUID":"{6c1d923a-bfcb-4ea4-8373-fc7469b67ddb}","location":"app-system-defaults","version":"1.0","type":"extension","internalName":null,"updateURL":null,"updateKey":null,"optionsURL":null,"optionsType":null,"aboutURL":null,"defaultLocale":{"name":"Form Autofill","description":"Autofill forms with saved profiles","creator":null,"homepageURL":null},"visible":true,"active":false,"userDisabled":false,"appDisabled":false,"installDate":1514384547000,"updateDate":1514384547000,"applyBackgroundUpdates":1,"bootstrap":true,"path":"/usr/lib/firefox/browser/features/formautofill@mozilla.org.xpi","skinnable":false,"size":380181,"sourceURI":null,"releaseNotesURI":null,"softDisabled":false,"foreignInstall":false,"hasBinaryComponents":false,"strictCompatibility":false,"locales":[],"targetApplications":[{"id":"{ec8030f7-c20a-464f-9b0e-13a3a9e97384}","minVersion":"57.0.3","maxVersion":"57.*"}],"targetPlatforms":[],"multiprocessCompatible":true,"seen":true,"dependencies":[],"hasEmbeddedWebExtension":false,"mpcOptedOut":false,"userPermissions":null,"icons":{},"iconURL":null,"icon64URL":null,"blocklistState":0,"blocklistURL":null}
1514518395610	DeferredSave.extensions.json	DEBUG	Save changes
1514518395610	addons.manager	DEBUG	Registering startup change 'installed' for screenshots@mozilla.org
1514518395610	addons.xpi	DEBUG	Loading bootstrap scope from /usr/lib/firefox/browser/features/screenshots@mozilla.org.xpi
1514518395612	addons.xpi	DEBUG	Calling bootstrap method install on screenshots@mozilla.org version 19.2.0
1514518395612	addons.xpi-utils	DEBUG	Make addon app-system-defaults:screenshots@mozilla.org visible
1514518395612	addons.xpi	DEBUG	Updating XPIState for {"id":"screenshots@mozilla.org","syncGUID":"{78aa6fb4-c99f-49e5-a355-9c600317aca8}","location":"app-system-defaults","version":"19.2.0","type":"extension","internalName":null,"updateURL":null,"updateKey":null,"optionsURL":null,"optionsType":null,"aboutURL":null,"defaultLocale":{"name":"Firefox Screenshots","description":null,"creator":null,"homepageURL":"https://screenshots.firefox.com/"},"visible":true,"active":false,"userDisabled":false,"appDisabled":false,"installDate":1514384547000,"updateDate":1514384547000,"applyBackgroundUpdates":1,"bootstrap":true,"path":"/usr/lib/firefox/browser/features/screenshots@mozilla.org.xpi","skinnable":false,"size":884473,"sourceURI":null,"releaseNotesURI":null,"softDisabled":false,"foreignInstall":false,"hasBinaryComponents":false,"strictCompatibility":false,"locales":[],"targetApplications":[{"id":"{ec8030f7-c20a-464f-9b0e-13a3a9e97384}","minVersion":"57.0a1","maxVersion":"*"}],"targetPlatforms":[],"multiprocessCompatible":true,"seen":true,"dependencies":[],"hasEmbeddedWebExtension":false,"mpcOptedOut":false,"userPermissions":null,"icons":{},"iconURL":null,"icon64URL":null,"blocklistState":0,"blocklistURL":null}
1514518395613	DeferredSave.extensions.json	DEBUG	Save changes
1514518395613	addons.manager	DEBUG	Registering startup change 'installed' for followonsearch@mozilla.com
1514518395614	addons.xpi	DEBUG	Loading bootstrap scope from /usr/lib/firefox/browser/features/followonsearch@mozilla.com.xpi
1514518395616	addons.xpi	DEBUG	Calling bootstrap method install on followonsearch@mozilla.com version 0.9.6
1514518395616	addons.xpi-utils	DEBUG	Make addon app-system-defaults:followonsearch@mozilla.com visible
1514518395616	addons.xpi	DEBUG	Updating XPIState for {"id":"followonsearch@mozilla.com","syncGUID":"{59b6af44-7046-4e45-b838-033aaf4d0198}","location":"app-system-defaults","version":"0.9.6","type":"extension","internalName":null,"updateURL":null,"updateKey":null,"optionsURL":null,"optionsType":null,"aboutURL":null,"defaultLocale":{"name":"Follow-on Search Telemetry","description":null,"creator":null,"homepageURL":null},"visible":true,"active":false,"userDisabled":false,"appDisabled":false,"installDate":1514384547000,"updateDate":1514384547000,"applyBackgroundUpdates":1,"bootstrap":true,"path":"/usr/lib/firefox/browser/features/followonsearch@mozilla.com.xpi","skinnable":false,"size":18625,"sourceURI":null,"releaseNotesURI":null,"softDisabled":false,"foreignInstall":false,"hasBinaryComponents":false,"strictCompatibility":false,"locales":[],"targetApplications":[{"id":"{ec8030f7-c20a-464f-9b0e-13a3a9e97384}","minVersion":"52.0","maxVersion":"59.*"}],"targetPlatforms":[],"multiprocessCompatible":true,"seen":true,"dependencies":[],"hasEmbeddedWebExtension":false,"mpcOptedOut":false,"userPermissions":null,"icons":{},"iconURL":null,"icon64URL":null,"blocklistState":0,"blocklistURL":null}
1514518395616	DeferredSave.extensions.json	DEBUG	Save changes
1514518395617	addons.manager	DEBUG	Registering startup change 'installed' for e10srollout@mozilla.org
1514518395617	addons.xpi	DEBUG	Loading bootstrap scope from /usr/lib/firefox/browser/features/e10srollout@mozilla.org.xpi
1514518395624	addons.xpi	DEBUG	Calling bootstrap method install on e10srollout@mozilla.org version 3.05
1514518395625	addons.xpi-utils	DEBUG	Make addon app-system-defaults:e10srollout@mozilla.org visible
1514518395625	addons.xpi	DEBUG	Updating XPIState for {"id":"e10srollout@mozilla.org","syncGUID":"{096b101f-cd6b-49cc-a0d5-102408e07dfc}","location":"app-system-defaults","version":"3.05","type":"extension","internalName":null,"updateURL":null,"updateKey":null,"optionsURL":null,"optionsType":null,"aboutURL":null,"defaultLocale":{"name":"Multi-process staged rollout","description":"Staged rollout of Firefox multi-process feature.","creator":null,"homepageURL":null},"visible":true,"active":false,"userDisabled":false,"appDisabled":false,"installDate":1514384547000,"updateDate":1514384547000,"applyBackgroundUpdates":1,"bootstrap":true,"path":"/usr/lib/firefox/browser/features/e10srollout@mozilla.org.xpi","skinnable":false,"size":13479,"sourceURI":null,"releaseNotesURI":null,"softDisabled":false,"foreignInstall":false,"hasBinaryComponents":false,"strictCompatibility":false,"locales":[],"targetApplications":[{"id":"{ec8030f7-c20a-464f-9b0e-13a3a9e97384}","minVersion":"57.0.3","maxVersion":"57.*"}],"targetPlatforms":[],"multiprocessCompatible":true,"seen":true,"dependencies":[],"hasEmbeddedWebExtension":false,"mpcOptedOut":false,"userPermissions":null,"icons":{},"iconURL":null,"icon64URL":null,"blocklistState":0,"blocklistURL":null}
1514518395626	DeferredSave.extensions.json	DEBUG	Save changes
1514518395626	addons.manager	DEBUG	Registering startup change 'installed' for langpack-en-GB@firefox.mozilla.org
1514518395626	addons.manager	DEBUG	Registering startup change 'installed' for langpack-en-GB@firefox.mozilla.org
1514518395627	addons.xpi-utils	DEBUG	Make addon app-global:langpack-en-GB@firefox.mozilla.org visible
1514518395627	addons.xpi	DEBUG	Updating XPIState for {"id":"langpack-en-GB@firefox.mozilla.org","syncGUID":"{6efa764e-2bae-489c-a36e-b81f93bc5a85}","location":"app-global","version":"57.0.3","type":"locale","internalName":null,"updateURL":null,"updateKey":null,"optionsURL":null,"optionsType":null,"optionsBrowserStyle":null,"aboutURL":null,"defaultLocale":{"name":"English (GB) Language Pack","description":null,"creator":"Mark Tyndall","homepageURL":null,"contributors":["David Bartlett","Constantine Murenin","Ian Neal"]},"visible":true,"active":false,"userDisabled":false,"appDisabled":false,"installDate":1514384547000,"updateDate":1514384547000,"applyBackgroundUpdates":1,"bootstrap":true,"path":"/usr/lib/firefox/browser/extensions/langpack-en-GB@firefox.mozilla.org.xpi","skinnable":false,"size":1228082,"sourceURI":null,"releaseNotesURI":null,"softDisabled":false,"foreignInstall":true,"hasBinaryComponents":false,"strictCompatibility":true,"locales":[],"targetApplications":[{"id":"{ec8030f7-c20a-464f-9b0e-13a3a9e97384}","minVersion":"57.0.3","maxVersion":"57.*"}],"targetPlatforms":[],"seen":true,"dependencies":[],"hasEmbeddedWebExtension":false,"userPermissions":null,"icons":{},"iconURL":null,"icon64URL":null,"blocklistState":0,"blocklistURL":null}
1514518395627	DeferredSave.extensions.json	DEBUG	Save changes
1514518395628	addons.xpi-utils	DEBUG	Make addon app-global:{972ce4c6-7e08-4474-a285-3208198ce6fd} visible
1514518395628	addons.xpi	DEBUG	Updating XPIState for {"id":"{972ce4c6-7e08-4474-a285-3208198ce6fd}","syncGUID":"{cd4a090c-784e-45f1-b7b0-370d414bed5b}","location":"app-global","version":"57.0.3","type":"theme","internalName":"classic/1.0","updateURL":null,"updateKey":null,"optionsURL":null,"optionsType":null,"optionsBrowserStyle":null,"aboutURL":null,"defaultLocale":{"name":"Default","description":"The default theme.","creator":"Mozilla","homepageURL":null,"contributors":["Mozilla Contributors"]},"visible":true,"active":false,"userDisabled":false,"appDisabled":false,"installDate":1514384547000,"updateDate":1514384547000,"applyBackgroundUpdates":1,"path":"/usr/lib/firefox/browser/extensions/{972ce4c6-7e08-4474-a285-3208198ce6fd}.xpi","skinnable":true,"size":2097,"sourceURI":null,"releaseNotesURI":null,"softDisabled":false,"foreignInstall":false,"hasBinaryComponents":false,"strictCompatibility":true,"locales":[],"targetApplications":[{"id":"{ec8030f7-c20a-464f-9b0e-13a3a9e97384}","minVersion":"57.0.3","maxVersion":"57.0.3"}],"targetPlatforms":[],"seen":true,"dependencies":[],"hasEmbeddedWebExtension":false,"userPermissions":null,"icons":{},"iconURL":"chrome://browser/content/default-theme-icon.svg","icon64URL":null,"blocklistState":0,"blocklistURL":null}
1514518395628	DeferredSave.extensions.json	DEBUG	Save changes
1514518395628	addons.manager	DEBUG	Registering startup change 'installed' for langpack-en-ZA@firefox.mozilla.org
1514518395628	addons.manager	DEBUG	Registering startup change 'installed' for langpack-en-ZA@firefox.mozilla.org
1514518395628	addons.xpi-utils	DEBUG	Make addon app-global:langpack-en-ZA@firefox.mozilla.org visible
1514518395629	addons.xpi	DEBUG	Updating XPIState for {"id":"langpack-en-ZA@firefox.mozilla.org","syncGUID":"{f5b6578b-97ba-4bd3-be71-415a4a57f8d6}","location":"app-global","version":"57.0.3","type":"locale","internalName":null,"updateURL":null,"updateKey":null,"optionsURL":null,"optionsType":null,"optionsBrowserStyle":null,"aboutURL":null,"defaultLocale":{"name":"English (South Africa) Language Pack","description":null,"creator":"Translate.org.za","homepageURL":null,"contributors":["Translate.org.za","Dwayne Bailey"]},"visible":true,"active":false,"userDisabled":false,"appDisabled":false,"installDate":1514384547000,"updateDate":1514384547000,"applyBackgroundUpdates":1,"bootstrap":true,"path":"/usr/lib/firefox/browser/extensions/langpack-en-ZA@firefox.mozilla.org.xpi","skinnable":false,"size":1221317,"sourceURI":null,"releaseNotesURI":null,"softDisabled":false,"foreignInstall":true,"hasBinaryComponents":false,"strictCompatibility":true,"locales":[],"targetApplications":[{"id":"{ec8030f7-c20a-464f-9b0e-13a3a9e97384}","minVersion":"57.0.3","maxVersion":"57.*"}],"targetPlatforms":[],"seen":true,"dependencies":[],"hasEmbeddedWebExtension":false,"userPermissions":null,"icons":{},"iconURL":null,"icon64URL":null,"blocklistState":0,"blocklistURL":null}
1514518395629	DeferredSave.extensions.json	DEBUG	Save changes
1514518395629	addons.xpi	DEBUG	Updating XPIState for {"id":"aushelper@mozilla.org","syncGUID":"{a7231a6f-4edc-4fbe-8149-eda07d0e0516}","location":"app-system-defaults","version":"2.0","type":"extension","internalName":null,"updateURL":null,"updateKey":null,"optionsURL":null,"optionsType":null,"aboutURL":null,"defaultLocale":{"name":"Application Update Service Helper","description":"Sets value(s) in the update url based on custom checks.","creator":null,"homepageURL":null},"visible":true,"active":true,"userDisabled":false,"appDisabled":false,"installDate":1514384547000,"updateDate":1514384547000,"applyBackgroundUpdates":1,"bootstrap":true,"path":"/usr/lib/firefox/browser/features/aushelper@mozilla.org.xpi","skinnable":false,"size":8488,"sourceURI":null,"releaseNotesURI":null,"softDisabled":false,"foreignInstall":false,"hasBinaryComponents":false,"strictCompatibility":false,"locales":[],"targetApplications":[{"id":"{ec8030f7-c20a-464f-9b0e-13a3a9e97384}","minVersion":"57.0.3","maxVersion":"57.*"}],"targetPlatforms":[],"multiprocessCompatible":true,"seen":true,"dependencies":[],"hasEmbeddedWebExtension":false,"mpcOptedOut":false,"userPermissions":null,"icons":{},"iconURL":null,"icon64URL":null,"blocklistState":0,"blocklistURL":null}
1514518395629	addons.xpi	DEBUG	Updating XPIState for {"id":"firefox@getpocket.com","syncGUID":"{076bc983-98de-4a39-97fd-eabd36f1e540}","location":"app-system-defaults","version":"1.0.5","type":"extension","internalName":null,"updateURL":null,"updateKey":null,"optionsURL":null,"optionsType":null,"aboutURL":null,"defaultLocale":{"name":"Pocket","description":"When you find something you want to view later, put it in Pocket.","creator":null,"homepageURL":null},"visible":true,"active":true,"userDisabled":false,"appDisabled":false,"installDate":1514384547000,"updateDate":1514384547000,"applyBackgroundUpdates":1,"bootstrap":true,"path":"/usr/lib/firefox/browser/features/firefox@getpocket.com.xpi","skinnable":false,"size":907648,"sourceURI":null,"releaseNotesURI":null,"softDisabled":false,"foreignInstall":false,"hasBinaryComponents":false,"strictCompatibility":false,"locales":[],"targetApplications":[{"id":"{ec8030f7-c20a-464f-9b0e-13a3a9e97384}","minVersion":"57.0.3","maxVersion":"57.*"}],"targetPlatforms":[],"multiprocessCompatible":true,"seen":true,"dependencies":[],"hasEmbeddedWebExtension":false,"mpcOptedOut":false,"userPermissions":null,"icons":{},"iconURL":null,"icon64URL":null,"blocklistState":0,"blocklistURL":null}
1514518395629	addons.xpi	DEBUG	Updating XPIState for {"id":"onboarding@mozilla.org","syncGUID":"{0a4be90e-faca-4ca1-b68b-77e2c2df38ef}","location":"app-system-defaults","version":"1.0","type":"extension","internalName":null,"updateURL":null,"updateKey":null,"optionsURL":null,"optionsType":null,"aboutURL":null,"defaultLocale":{"name":"Photon onboarding","description":"Photon onboarding","creator":null,"homepageURL":null},"visible":true,"active":true,"userDisabled":false,"appDisabled":false,"installDate":1514384547000,"updateDate":1514384547000,"applyBackgroundUpdates":1,"bootstrap":true,"path":"/usr/lib/firefox/browser/features/onboarding@mozilla.org.xpi","skinnable":false,"size":550106,"sourceURI":null,"releaseNotesURI":null,"softDisabled":false,"foreignInstall":false,"hasBinaryComponents":false,"strictCompatibility":false,"locales":[],"targetApplications":[{"id":"{ec8030f7-c20a-464f-9b0e-13a3a9e97384}","minVersion":"57.0.3","maxVersion":"57.*"}],"targetPlatforms":[],"multiprocessCompatible":true,"seen":true,"dependencies":[],"hasEmbeddedWebExtension":false,"mpcOptedOut":false,"userPermissions":null,"icons":{},"iconURL":null,"icon64URL":null,"blocklistState":0,"blocklistURL":null}
1514518395629	addons.xpi	DEBUG	Updating XPIState for {"id":"activity-stream@mozilla.org","syncGUID":"{9dc42f56-5b44-43f3-8356-0791531818e7}","location":"app-system-defaults","version":"2017.11.07.1100-7f4e3634","type":"extension","internalName":null,"updateURL":null,"updateKey":null,"optionsURL":null,"optionsType":null,"aboutURL":null,"defaultLocale":{"name":"Activity Stream","description":"A rich visual history feed and a reimagined home page make it easier than ever to find exactly what you're looking for in Firefox.","creator":null,"homepageURL":null},"visible":true,"active":true,"userDisabled":false,"appDisabled":false,"installDate":1514384547000,"updateDate":1514384547000,"applyBackgroundUpdates":1,"bootstrap":true,"path":"/usr/lib/firefox/browser/features/activity-stream@mozilla.org.xpi","skinnable":false,"size":1423182,"sourceURI":null,"releaseNotesURI":null,"softDisabled":false,"foreignInstall":false,"hasBinaryComponents":false,"strictCompatibility":false,"locales":[],"targetApplications":[{"id":"{ec8030f7-c20a-464f-9b0e-13a3a9e97384}","minVersion":"57.0.3","maxVersion":"57.*"}],"targetPlatforms":[],"multiprocessCompatible":true,"seen":true,"dependencies":[],"hasEmbeddedWebExtension":false,"mpcOptedOut":false,"userPermissions":null,"icons":{},"iconURL":null,"icon64URL":null,"blocklistState":0,"blocklistURL":null}
1514518395630	addons.xpi	DEBUG	Updating XPIState for {"id":"shield-recipe-client@mozilla.org","syncGUID":"{33cc1d5a-d023-40b6-b9ff-74b030fa8f79}","location":"app-system-defaults","version":"76.1","type":"extension","internalName":null,"updateURL":null,"updateKey":null,"optionsURL":null,"optionsType":null,"aboutURL":null,"defaultLocale":{"name":"Shield Recipe Client","description":"Client to download and run recipes for SHIELD, Heartbeat, etc.","creator":null,"homepageURL":null},"visible":true,"active":true,"userDisabled":false,"appDisabled":false,"installDate":1514384547000,"updateDate":1514384547000,"applyBackgroundUpdates":1,"bootstrap":true,"path":"/usr/lib/firefox/browser/features/shield-recipe-client@mozilla.org.xpi","skinnable":false,"size":364002,"sourceURI":null,"releaseNotesURI":null,"softDisabled":false,"foreignInstall":false,"hasBinaryComponents":false,"strictCompatibility":false,"locales":[],"targetApplications":[{"id":"{ec8030f7-c20a-464f-9b0e-13a3a9e97384}","minVersion":"57.0.3","maxVersion":"57.*"}],"targetPlatforms":[],"multiprocessCompatible":true,"seen":true,"dependencies":[],"hasEmbeddedWebExtension":false,"mpcOptedOut":false,"userPermissions":null,"icons":{},"iconURL":null,"icon64URL":null,"blocklistState":0,"blocklistURL":null}
1514518395630	addons.xpi	DEBUG	Updating XPIState for {"id":"webcompat@mozilla.org","syncGUID":"{9fadce66-b314-4220-a524-0e2fe901549d}","location":"app-system-defaults","version":"1.1","type":"extension","internalName":null,"updateURL":null,"updateKey":null,"optionsURL":null,"optionsType":null,"aboutURL":null,"defaultLocale":{"name":"Web Compat","description":"Urgent post-release fixes for web compatibility.","creator":null,"homepageURL":null},"visible":true,"active":true,"userDisabled":false,"appDisabled":false,"installDate":1514384547000,"updateDate":1514384547000,"applyBackgroundUpdates":1,"bootstrap":true,"path":"/usr/lib/firefox/browser/features/webcompat@mozilla.org.xpi","skinnable":false,"size":9268,"sourceURI":null,"releaseNotesURI":null,"softDisabled":false,"foreignInstall":false,"hasBinaryComponents":false,"strictCompatibility":false,"locales":[],"targetApplications":[{"id":"{ec8030f7-c20a-464f-9b0e-13a3a9e97384}","minVersion":"57.0.3","maxVersion":"57.*"}],"targetPlatforms":[],"multiprocessCompatible":true,"seen":true,"dependencies":[],"hasEmbeddedWebExtension":false,"mpcOptedOut":false,"userPermissions":null,"icons":{},"iconURL":null,"icon64URL":null,"blocklistState":0,"blocklistURL":null}
1514518395630	addons.xpi	DEBUG	Updating XPIState for {"id":"formautofill@mozilla.org","syncGUID":"{6c1d923a-bfcb-4ea4-8373-fc7469b67ddb}","location":"app-system-defaults","version":"1.0","type":"extension","internalName":null,"updateURL":null,"updateKey":null,"optionsURL":null,"optionsType":null,"aboutURL":null,"defaultLocale":{"name":"Form Autofill","description":"Autofill forms with saved profiles","creator":null,"homepageURL":null},"visible":true,"active":true,"userDisabled":false,"appDisabled":false,"installDate":1514384547000,"updateDate":1514384547000,"applyBackgroundUpdates":1,"bootstrap":true,"path":"/usr/lib/firefox/browser/features/formautofill@mozilla.org.xpi","skinnable":false,"size":380181,"sourceURI":null,"releaseNotesURI":null,"softDisabled":false,"foreignInstall":false,"hasBinaryComponents":false,"strictCompatibility":false,"locales":[],"targetApplications":[{"id":"{ec8030f7-c20a-464f-9b0e-13a3a9e97384}","minVersion":"57.0.3","maxVersion":"57.*"}],"targetPlatforms":[],"multiprocessCompatible":true,"seen":true,"dependencies":[],"hasEmbeddedWebExtension":false,"mpcOptedOut":false,"userPermissions":null,"icons":{},"iconURL":null,"icon64URL":null,"blocklistState":0,"blocklistURL":null}
1514518395630	addons.xpi	DEBUG	Updating XPIState for {"id":"screenshots@mozilla.org","syncGUID":"{78aa6fb4-c99f-49e5-a355-9c600317aca8}","location":"app-system-defaults","version":"19.2.0","type":"extension","internalName":null,"updateURL":null,"updateKey":null,"optionsURL":null,"optionsType":null,"aboutURL":null,"defaultLocale":{"name":"Firefox Screenshots","description":null,"creator":null,"homepageURL":"https://screenshots.firefox.com/"},"visible":true,"active":true,"userDisabled":false,"appDisabled":false,"installDate":1514384547000,"updateDate":1514384547000,"applyBackgroundUpdates":1,"bootstrap":true,"path":"/usr/lib/firefox/browser/features/screenshots@mozilla.org.xpi","skinnable":false,"size":884473,"sourceURI":null,"releaseNotesURI":null,"softDisabled":false,"foreignInstall":false,"hasBinaryComponents":false,"strictCompatibility":false,"locales":[],"targetApplications":[{"id":"{ec8030f7-c20a-464f-9b0e-13a3a9e97384}","minVersion":"57.0a1","maxVersion":"*"}],"targetPlatforms":[],"multiprocessCompatible":true,"seen":true,"dependencies":[],"hasEmbeddedWebExtension":false,"mpcOptedOut":false,"userPermissions":null,"icons":{},"iconURL":null,"icon64URL":null,"blocklistState":0,"blocklistURL":null}
1514518395630	addons.xpi	DEBUG	Updating XPIState for {"id":"followonsearch@mozilla.com","syncGUID":"{59b6af44-7046-4e45-b838-033aaf4d0198}","location":"app-system-defaults","version":"0.9.6","type":"extension","internalName":null,"updateURL":null,"updateKey":null,"optionsURL":null,"optionsType":null,"aboutURL":null,"defaultLocale":{"name":"Follow-on Search Telemetry","description":null,"creator":null,"homepageURL":null},"visible":true,"active":true,"userDisabled":false,"appDisabled":false,"installDate":1514384547000,"updateDate":1514384547000,"applyBackgroundUpdates":1,"bootstrap":true,"path":"/usr/lib/firefox/browser/features/followonsearch@mozilla.com.xpi","skinnable":false,"size":18625,"sourceURI":null,"releaseNotesURI":null,"softDisabled":false,"foreignInstall":false,"hasBinaryComponents":false,"strictCompatibility":false,"locales":[],"targetApplications":[{"id":"{ec8030f7-c20a-464f-9b0e-13a3a9e97384}","minVersion":"52.0","maxVersion":"59.*"}],"targetPlatforms":[],"multiprocessCompatible":true,"seen":true,"dependencies":[],"hasEmbeddedWebExtension":false,"mpcOptedOut":false,"userPermissions":null,"icons":{},"iconURL":null,"icon64URL":null,"blocklistState":0,"blocklistURL":null}
1514518395630	addons.xpi	DEBUG	Updating XPIState for {"id":"e10srollout@mozilla.org","syncGUID":"{096b101f-cd6b-49cc-a0d5-102408e07dfc}","location":"app-system-defaults","version":"3.05","type":"extension","internalName":null,"updateURL":null,"updateKey":null,"optionsURL":null,"optionsType":null,"aboutURL":null,"defaultLocale":{"name":"Multi-process staged rollout","description":"Staged rollout of Firefox multi-process feature.","creator":null,"homepageURL":null},"visible":true,"active":true,"userDisabled":false,"appDisabled":false,"installDate":1514384547000,"updateDate":1514384547000,"applyBackgroundUpdates":1,"bootstrap":true,"path":"/usr/lib/firefox/browser/features/e10srollout@mozilla.org.xpi","skinnable":false,"size":13479,"sourceURI":null,"releaseNotesURI":null,"softDisabled":false,"foreignInstall":false,"hasBinaryComponents":false,"strictCompatibility":false,"locales":[],"targetApplications":[{"id":"{ec8030f7-c20a-464f-9b0e-13a3a9e97384}","minVersion":"57.0.3","maxVersion":"57.*"}],"targetPlatforms":[],"multiprocessCompatible":true,"seen":true,"dependencies":[],"hasEmbeddedWebExtension":false,"mpcOptedOut":false,"userPermissions":null,"icons":{},"iconURL":null,"icon64URL":null,"blocklistState":0,"blocklistURL":null}
1514518395630	addons.xpi	DEBUG	Updating XPIState for {"id":"langpack-en-GB@firefox.mozilla.org","syncGUID":"{6efa764e-2bae-489c-a36e-b81f93bc5a85}","location":"app-global","version":"57.0.3","type":"locale","internalName":null,"updateURL":null,"updateKey":null,"optionsURL":null,"optionsType":null,"optionsBrowserStyle":null,"aboutURL":null,"defaultLocale":{"name":"English (GB) Language Pack","description":null,"creator":"Mark Tyndall","homepageURL":null,"contributors":["David Bartlett","Constantine Murenin","Ian Neal"]},"visible":true,"active":true,"userDisabled":false,"appDisabled":false,"installDate":1514384547000,"updateDate":1514384547000,"applyBackgroundUpdates":1,"bootstrap":true,"path":"/usr/lib/firefox/browser/extensions/langpack-en-GB@firefox.mozilla.org.xpi","skinnable":false,"size":1228082,"sourceURI":null,"releaseNotesURI":null,"softDisabled":false,"foreignInstall":true,"hasBinaryComponents":false,"strictCompatibility":true,"locales":[],"targetApplications":[{"id":"{ec8030f7-c20a-464f-9b0e-13a3a9e97384}","minVersion":"57.0.3","maxVersion":"57.*"}],"targetPlatforms":[],"seen":true,"dependencies":[],"hasEmbeddedWebExtension":false,"userPermissions":null,"icons":{},"iconURL":null,"icon64URL":null,"blocklistState":0,"blocklistURL":null}
1514518395630	addons.xpi	DEBUG	Updating XPIState for {"id":"{972ce4c6-7e08-4474-a285-3208198ce6fd}","syncGUID":"{cd4a090c-784e-45f1-b7b0-370d414bed5b}","location":"app-global","version":"57.0.3","type":"theme","internalName":"classic/1.0","updateURL":null,"updateKey":null,"optionsURL":null,"optionsType":null,"optionsBrowserStyle":null,"aboutURL":null,"defaultLocale":{"name":"Default","description":"The default theme.","creator":"Mozilla","homepageURL":null,"contributors":["Mozilla Contributors"]},"visible":true,"active":true,"userDisabled":false,"appDisabled":false,"installDate":1514384547000,"updateDate":1514384547000,"applyBackgroundUpdates":1,"path":"/usr/lib/firefox/browser/extensions/{972ce4c6-7e08-4474-a285-3208198ce6fd}.xpi","skinnable":true,"size":2097,"sourceURI":null,"releaseNotesURI":null,"softDisabled":false,"foreignInstall":false,"hasBinaryComponents":false,"strictCompatibility":true,"locales":[],"targetApplications":[{"id":"{ec8030f7-c20a-464f-9b0e-13a3a9e97384}","minVersion":"57.0.3","maxVersion":"57.0.3"}],"targetPlatforms":[],"seen":true,"dependencies":[],"hasEmbeddedWebExtension":false,"userPermissions":null,"icons":{},"iconURL":"chrome://browser/content/default-theme-icon.svg","icon64URL":null,"blocklistState":0,"blocklistURL":null}
1514518395630	addons.xpi	DEBUG	Updating XPIState for {"id":"langpack-en-ZA@firefox.mozilla.org","syncGUID":"{f5b6578b-97ba-4bd3-be71-415a4a57f8d6}","location":"app-global","version":"57.0.3","type":"locale","internalName":null,"updateURL":null,"updateKey":null,"optionsURL":null,"optionsType":null,"optionsBrowserStyle":null,"aboutURL":null,"defaultLocale":{"name":"English (South Africa) Language Pack","description":null,"creator":"Translate.org.za","homepageURL":null,"contributors":["Translate.org.za","Dwayne Bailey"]},"visible":true,"active":true,"userDisabled":false,"appDisabled":false,"installDate":1514384547000,"updateDate":1514384547000,"applyBackgroundUpdates":1,"bootstrap":true,"path":"/usr/lib/firefox/browser/extensions/langpack-en-ZA@firefox.mozilla.org.xpi","skinnable":false,"size":1221317,"sourceURI":null,"releaseNotesURI":null,"softDisabled":false,"foreignInstall":true,"hasBinaryComponents":false,"strictCompatibility":true,"locales":[],"targetApplications":[{"id":"{ec8030f7-c20a-464f-9b0e-13a3a9e97384}","minVersion":"57.0.3","maxVersion":"57.*"}],"targetPlatforms":[],"seen":true,"dependencies":[],"hasEmbeddedWebExtension":false,"userPermissions":null,"icons":{},"iconURL":null,"icon64URL":null,"blocklistState":0,"blocklistURL":null}
1514518395630	DeferredSave.extensions.json	DEBUG	Save changes
1514518395631	addons.xpi	DEBUG	Updating database with changes to installed add-ons
1514518395631	addons.xpi-utils	DEBUG	Updating add-on states
1514518395634	addons.xpi	DEBUG	Registering manifest for /usr/lib/firefox/browser/features/activity-stream@mozilla.org.xpi
1514518395634	addons.xpi	DEBUG	Calling bootstrap method startup on activity-stream@mozilla.org version 2017.11.07.1100-7f4e3634
1514518395635	addons.xpi	DEBUG	Registering manifest for /usr/lib/firefox/browser/features/aushelper@mozilla.org.xpi
1514518395635	addons.xpi	DEBUG	Calling bootstrap method startup on aushelper@mozilla.org version 2.0
1514518395635	addons.xpi	DEBUG	Registering manifest for /usr/lib/firefox/browser/features/e10srollout@mozilla.org.xpi
1514518395635	addons.xpi	DEBUG	Calling bootstrap method startup on e10srollout@mozilla.org version 3.05
1514518395636	addons.xpi	DEBUG	Registering manifest for /usr/lib/firefox/browser/features/firefox@getpocket.com.xpi
1514518395636	addons.xpi	DEBUG	Calling bootstrap method startup on firefox@getpocket.com version 1.0.5
1514518395642	addons.xpi	DEBUG	Registering manifest for /usr/lib/firefox/browser/features/followonsearch@mozilla.com.xpi
1514518395642	addons.xpi	DEBUG	Calling bootstrap method startup on followonsearch@mozilla.com version 0.9.6
1514518395642	addons.xpi	DEBUG	Registering manifest for /usr/lib/firefox/browser/features/formautofill@mozilla.org.xpi
1514518395643	addons.xpi	DEBUG	Calling bootstrap method startup on formautofill@mozilla.org version 1.0
1514518395643	addons.xpi	DEBUG	Registering manifest for /usr/lib/firefox/browser/extensions/langpack-en-GB@firefox.mozilla.org.xpi
1514518395644	addons.xpi	DEBUG	Registering manifest for /usr/lib/firefox/browser/extensions/langpack-en-ZA@firefox.mozilla.org.xpi
1514518395645	addons.xpi	DEBUG	Registering manifest for /usr/lib/firefox/browser/features/onboarding@mozilla.org.xpi
1514518395645	addons.xpi	DEBUG	Calling bootstrap method startup on onboarding@mozilla.org version 1.0
1514518395646	addons.xpi	DEBUG	Registering manifest for /usr/lib/firefox/browser/features/screenshots@mozilla.org.xpi
1514518395646	addons.xpi	DEBUG	Calling bootstrap method startup on screenshots@mozilla.org version 19.2.0
1514518395646	addons.xpi	DEBUG	Registering manifest for /usr/lib/firefox/browser/features/shield-recipe-client@mozilla.org.xpi
1514518395646	addons.xpi	DEBUG	Calling bootstrap method startup on shield-recipe-client@mozilla.org version 76.1
1514518395651	addons.xpi	DEBUG	Registering manifest for /usr/lib/firefox/browser/features/webcompat@mozilla.org.xpi
1514518395651	addons.xpi	DEBUG	Calling bootstrap method startup on webcompat@mozilla.org version 1.1
1514518395653	addons.manager	DEBUG	Registering shutdown blocker for XPIProvider
1514518395653	addons.manager	DEBUG	Provider finished startup: XPIProvider
1514518395653	addons.manager	DEBUG	Starting provider: LightweightThemeManager
1514518395653	addons.manager	DEBUG	Registering shutdown blocker for LightweightThemeManager
1514518395653	addons.manager	DEBUG	Provider finished startup: LightweightThemeManager
1514518395654	addons.manager	DEBUG	Starting provider: GMPProvider
1514518395655	addons.manager	DEBUG	Registering shutdown blocker for GMPProvider
1514518395655	addons.manager	DEBUG	Provider finished startup: GMPProvider
1514518395655	addons.manager	DEBUG	Starting provider: PluginProvider
1514518395655	addons.manager	DEBUG	Registering shutdown blocker for PluginProvider
1514518395655	addons.manager	DEBUG	Provider finished startup: PluginProvider
1514518395656	addons.manager	DEBUG	Completed startup sequence
1514518395737	Marionette	INFO	Enabled via --marionette
1514518395844	addons.manager	DEBUG	Starting provider: PreviousExperimentProvider
1514518395844	addons.manager	DEBUG	Registering shutdown blocker for PreviousExperimentProvider
1514518395844	addons.manager	DEBUG	Provider finished startup: PreviousExperimentProvider
1514518395923	DeferredSave.extensions.json	DEBUG	Starting write
1514518396459	DeferredSave.webext.sc.lz4	DEBUG	Save changes
1514518396460	DeferredSave.webext.sc.lz4	DEBUG	Starting timer
1514518396468	DeferredSave.extensions.json	DEBUG	Write succeeded
1514518396468	addons.xpi-utils	DEBUG	XPI Database saved, setting schema version preference to 23
1514518396470	DeferredSave.webext.sc.lz4	DEBUG	Save changes
1514518396485	DeferredSave.webext.sc.lz4	DEBUG	Save changes
1514518396486	DeferredSave.webext.sc.lz4	DEBUG	Save changes
1514518396486	DeferredSave.webext.sc.lz4	DEBUG	Save changes
1514518396486	DeferredSave.webext.sc.lz4	DEBUG	Save changes
1514518396488	DeferredSave.webext.sc.lz4	DEBUG	Save changes
1514518396489	DeferredSave.webext.sc.lz4	DEBUG	Save changes
1514518396490	DeferredSave.webext.sc.lz4	DEBUG	Save changes
1514518396490	DeferredSave.webext.sc.lz4	DEBUG	Save changes
1514518396491	DeferredSave.webext.sc.lz4	DEBUG	Save changes
1514518396491	DeferredSave.webext.sc.lz4	DEBUG	Save changes
1514518396492	DeferredSave.webext.sc.lz4	DEBUG	Save changes
1514518396492	DeferredSave.webext.sc.lz4	DEBUG	Save changes
1514518396493	DeferredSave.webext.sc.lz4	DEBUG	Save changes
1514518396494	DeferredSave.webext.sc.lz4	DEBUG	Save changes
1514518396494	DeferredSave.webext.sc.lz4	DEBUG	Save changes
1514518396495	DeferredSave.webext.sc.lz4	DEBUG	Save changes
1514518396496	DeferredSave.webext.sc.lz4	DEBUG	Save changes
1514518396496	DeferredSave.webext.sc.lz4	DEBUG	Save changes
1514518396497	DeferredSave.webext.sc.lz4	DEBUG	Save changes
1514518396497	DeferredSave.webext.sc.lz4	DEBUG	Save changes
1514518396498	DeferredSave.webext.sc.lz4	DEBUG	Save changes
1514518396498	DeferredSave.webext.sc.lz4	DEBUG	Save changes
1514518396500	DeferredSave.webext.sc.lz4	DEBUG	Save changes
1514518396501	DeferredSave.webext.sc.lz4	DEBUG	Save changes
1514518396501	DeferredSave.webext.sc.lz4	DEBUG	Save changes
1514518396502	DeferredSave.webext.sc.lz4	DEBUG	Save changes
1514518396502	DeferredSave.webext.sc.lz4	DEBUG	Save changes
1514518396503	DeferredSave.webext.sc.lz4	DEBUG	Save changes
1514518396504	DeferredSave.webext.sc.lz4	DEBUG	Save changes
1514518396505	DeferredSave.webext.sc.lz4	DEBUG	Save changes
1514518396506	DeferredSave.webext.sc.lz4	DEBUG	Save changes
1514518396507	DeferredSave.webext.sc.lz4	DEBUG	Save changes
1514518396508	DeferredSave.webext.sc.lz4	DEBUG	Save changes
1514518396509	DeferredSave.webext.sc.lz4	DEBUG	Save changes
1514518396510	DeferredSave.webext.sc.lz4	DEBUG	Save changes
1514518396510	DeferredSave.webext.sc.lz4	DEBUG	Save changes
1514518396511	DeferredSave.webext.sc.lz4	DEBUG	Save changes
1514518396511	DeferredSave.webext.sc.lz4	DEBUG	Save changes
1514518396512	DeferredSave.webext.sc.lz4	DEBUG	Save changes
1514518396512	DeferredSave.webext.sc.lz4	DEBUG	Save changes
1514518396512	DeferredSave.webext.sc.lz4	DEBUG	Save changes
1514518396514	DeferredSave.webext.sc.lz4	DEBUG	Save changes
1514518396514	DeferredSave.webext.sc.lz4	DEBUG	Save changes
1514518396515	DeferredSave.webext.sc.lz4	DEBUG	Save changes
1514518396517	DeferredSave.webext.sc.lz4	DEBUG	Save changes
1514518396517	DeferredSave.webext.sc.lz4	DEBUG	Save changes
1514518396518	DeferredSave.webext.sc.lz4	DEBUG	Save changes
1514518396520	DeferredSave.webext.sc.lz4	DEBUG	Save changes
1514518396520	DeferredSave.webext.sc.lz4	DEBUG	Save changes
1514518396522	DeferredSave.webext.sc.lz4	DEBUG	Save changes
1514518396538	DeferredSave.webext.sc.lz4	DEBUG	Save changes
1514518396594	DeferredSave.webext.sc.lz4	DEBUG	Save changes
1514518396594	DeferredSave.webext.sc.lz4	DEBUG	Save changes
1514518396705	addons.xpi	INFO	Mapping aushelper@mozilla.org to /usr/lib/firefox/browser/features/aushelper@mozilla.org.xpi
1514518396706	addons.xpi	INFO	Mapping firefox@getpocket.com to /usr/lib/firefox/browser/features/firefox@getpocket.com.xpi
1514518396706	addons.xpi	INFO	Mapping onboarding@mozilla.org to /usr/lib/firefox/browser/features/onboarding@mozilla.org.xpi
1514518396706	addons.xpi	INFO	Mapping activity-stream@mozilla.org to /usr/lib/firefox/browser/features/activity-stream@mozilla.org.xpi
1514518396706	addons.xpi	INFO	Mapping shield-recipe-client@mozilla.org to /usr/lib/firefox/browser/features/shield-recipe-client@mozilla.org.xpi
1514518396706	addons.xpi	INFO	Mapping webcompat@mozilla.org to /usr/lib/firefox/browser/features/webcompat@mozilla.org.xpi
1514518396706	addons.xpi	INFO	Mapping formautofill@mozilla.org to /usr/lib/firefox/browser/features/formautofill@mozilla.org.xpi
1514518396706	addons.xpi	INFO	Mapping screenshots@mozilla.org to /usr/lib/firefox/browser/features/screenshots@mozilla.org.xpi
1514518396706	addons.xpi	INFO	Mapping followonsearch@mozilla.com to /usr/lib/firefox/browser/features/followonsearch@mozilla.com.xpi
1514518396707	addons.xpi	INFO	Mapping e10srollout@mozilla.org to /usr/lib/firefox/browser/features/e10srollout@mozilla.org.xpi
1514518396707	addons.xpi	DEBUG	Existing add-on aushelper@mozilla.org in app-system-defaults
1514518396707	addons.xpi	DEBUG	Existing add-on firefox@getpocket.com in app-system-defaults
1514518396707	addons.xpi	DEBUG	Existing add-on onboarding@mozilla.org in app-system-defaults
1514518396708	addons.xpi	DEBUG	Existing add-on activity-stream@mozilla.org in app-system-defaults
1514518396708	addons.xpi	DEBUG	Existing add-on shield-recipe-client@mozilla.org in app-system-defaults
1514518396708	addons.xpi	DEBUG	Existing add-on webcompat@mozilla.org in app-system-defaults
1514518396708	addons.xpi	DEBUG	Existing add-on formautofill@mozilla.org in app-system-defaults
1514518396708	addons.xpi	DEBUG	Existing add-on screenshots@mozilla.org in app-system-defaults
1514518396708	addons.xpi	DEBUG	Existing add-on followonsearch@mozilla.com in app-system-defaults
1514518396708	addons.xpi	DEBUG	Existing add-on e10srollout@mozilla.org in app-system-defaults
1514518396709	addons.xpi	INFO	Mapping langpack-en-GB@firefox.mozilla.org to /usr/lib/firefox/browser/extensions/langpack-en-GB@firefox.mozilla.org.xpi
1514518396709	addons.xpi	INFO	Mapping {972ce4c6-7e08-4474-a285-3208198ce6fd} to /usr/lib/firefox/browser/extensions/{972ce4c6-7e08-4474-a285-3208198ce6fd}.xpi
1514518396709	addons.xpi	INFO	Mapping langpack-en-ZA@firefox.mozilla.org to /usr/lib/firefox/browser/extensions/langpack-en-ZA@firefox.mozilla.org.xpi
1514518396709	addons.xpi	DEBUG	Existing add-on langpack-en-GB@firefox.mozilla.org in app-global
1514518396709	addons.xpi	DEBUG	Existing add-on {972ce4c6-7e08-4474-a285-3208198ce6fd} in app-global
1514518396709	addons.xpi	DEBUG	Existing add-on langpack-en-ZA@firefox.mozilla.org in app-global
1514518396709	addons.xpi	DEBUG	getInstallState changed: false, state: {}
1514518397115	Marionette	INFO	Listening on port 45339
1514518397170	Marionette	WARN	TLS certificate errors will be ignored for this session
1514518397230	Marionette	DEBUG	Register listener.js for window 2147483649
1514518397245	Marionette	DEBUG	Received DOM event "beforeunload" for "about:blank"
1514518397534	Marionette	DEBUG	Received DOM event "pagehide" for "about:blank"
1514518397534	Marionette	DEBUG	Received DOM event "unload" for "about:blank"
1514518398009	Marionette	DEBUG	Received DOM event "DOMContentLoaded" for "https://tabs.ultimate-guitar.com/tab/all_that_remains/chiron_guitar_pro_1060241"
1514518398459	Marionette	DEBUG	Received observer notification "outer-window-destroyed" for "2147483653"
1514518399016	Marionette	DEBUG	Received observer notification "outer-window-destroyed" for "2147483665"
1514518399017	Marionette	DEBUG	Received observer notification "outer-window-destroyed" for "2147483659"
1514518399062	Marionette	DEBUG	Received observer notification "outer-window-destroyed" for "2147483667"
1514518399062	Marionette	DEBUG	Received observer notification "outer-window-destroyed" for "2147483663"
1514518399074	Marionette	DEBUG	Received observer notification "outer-window-destroyed" for "2147483669"
1514518399075	Marionette	DEBUG	Received observer notification "outer-window-destroyed" for "2147483661"
1514518399840	Marionette	DEBUG	Received observer notification "outer-window-destroyed" for "2147483671"
1514518401464	DeferredSave.webext.sc.lz4	DEBUG	Starting write
1514518401465	DeferredSave.webext.sc.lz4	DEBUG	Write succeeded
1514518403614	Marionette	DEBUG	Received DOM event "pageshow" for "https://tabs.ultimate-guitar.com/tab/all_that_remains/chiron_guitar_pro_1060241"
1514518403922	Marionette	DEBUG	Canceled page load listener because no navigation has been detected
1514518444139	addons.productaddons	INFO	sending request to: https://aus5.mozilla.org/update/3/GMP/57.0.3/20171227151126/Linux_x86_64-gcc3/null/release-cck- ubuntu/Linux%204.10.0-42-generic%20(GTK%203.22.11%2Clibpulse%2010.0.0)/canonical/1.0/update.xml
1514518444521	addons.productaddons	INFO	Completed downloading document
1514518444818	addons.productaddons	INFO	downloadXHR File download. status=200
1514518444822	addons.productaddons	INFO	Downloaded file will be saved to /tmp/tmpaddon-ebe749
JavaScript error: https://fw.adsafeprotected.com/rjss/bs.serving-sys.com/104061/18750879/BurstingPipe/adServer.bs?cn=rsb&c=28&pli=22226507&PluID=0&w=728&h=90&ord=518580031&ucm=true&ncu=$$https://adserver.adtechus.com/adlink/5399/2458151/0/225/AdId=9806902;BnId=1;itime=518580031;kvp36=p36%2D0mzkyraiwjy2ftkm;kva=p%2Dd5n1l76og6h12;kr14135=2561845;kvc=1184084;kvi=850076791083725700;kr11092=2561975;kvl=384586;kvs=728x90;kp=1606617;nodecode=yes;link=http://exch.quantserve.com/r?a=p-d5N1L76OG6H12;labels=_qc.clk,_click.adserver.rtb,_click.rand.56092;rtbip=192.184.64.35;rtbdata2=EAUaK1RoZV9TYWx2YXRpb25fQXJteV9GWTE4X05hdGlvbmFsX1JlZF9LZXR0bGUg27kiKMq8FzDUokg6IGh0dHBzOi8vdGFicy51bHRpbWF0ZS1ndWl0YXIuY29tWihTbGJmT3gwQTNHdFNENGstSEFfR1BFWUgwemRTQm81b0dnYWE1c21RdX39njyAAdaI1KEBoAG5lAmoAfSM4wO6ARUyMjE1NTMxMjM5OTE5MjgwMzUzOjDAAZvbHcgBn_Degoos2gESODUwMDc2NzkxMDgzNzI1NzAw5QGqhuU-6AEymAKu0hmoAgWoAgeoAgawAgi6AgTAuEAjwAICyAIA0ALM5ZbQkpye9qgB4AIA-AIA;redirecturl2=$$&adsafe_pb=https%3A%2F%2Fadserver.adtechus.com%2Faddyn%2F3.0%2F5399.1%2F2791060%2F0%2F225%2FADTECH%3Bloc%3D100%3Btarget%3D_blank%3Bsub1%3D850076791083725700%3Bsub2%3Dp-d5n1l76og6h12%3B, line 235: NS_ERROR_NOT_INITIALIZED: 
1514518785747	addons.manager	INFO	Skipping background update check
1514518922924	addons.xpi	DEBUG	Calling bootstrap method shutdown on webcompat@mozilla.org version 1.1
1514518922925	addons.xpi	DEBUG	Calling bootstrap method shutdown on shield-recipe-client@mozilla.org version 76.1
1514518922925	addons.xpi	DEBUG	Calling bootstrap method shutdown on screenshots@mozilla.org version 19.2.0
1514518922930	addons.xpi	DEBUG	Calling bootstrap method shutdown on onboarding@mozilla.org version 1.0
1514518922930	addons.xpi	DEBUG	Calling bootstrap method shutdown on formautofill@mozilla.org version 1.0
1514518922931	addons.xpi	DEBUG	Calling bootstrap method shutdown on followonsearch@mozilla.com version 0.9.6
1514518922931	addons.xpi	DEBUG	Calling bootstrap method shutdown on firefox@getpocket.com version 1.0.5
1514518922932	addons.xpi	DEBUG	Calling bootstrap method shutdown on e10srollout@mozilla.org version 3.05
1514518922932	addons.xpi	DEBUG	Calling bootstrap method shutdown on aushelper@mozilla.org version 2.0
1514518922932	addons.xpi	DEBUG	Calling bootstrap method shutdown on activity-stream@mozilla.org version 2017.11.07.1100-7f4e3634
1514518923009	addons.manager	DEBUG	shutdown
1514518923009	addons.manager	DEBUG	Calling shutdown blocker for XPIProvider
1514518923009	addons.xpi	DEBUG	shutdown
1514518923009	addons.xpi-utils	DEBUG	shutdown
1514518923010	addons.manager	DEBUG	Calling shutdown blocker for LightweightThemeManager
1514518923010	addons.manager	DEBUG	Calling shutdown blocker for GMPProvider
1514518923010	addons.manager	DEBUG	Calling shutdown blocker for PluginProvider
1514518923010	addons.manager	DEBUG	Calling shutdown blocker for PreviousExperimentProvider
1514518923016	addons.manager	DEBUG	Async provider shutdown done
ExceptionHandler::GenerateDump cloned child 8135ExceptionHandler::WaitForContinueSignal waiting for continue signal...

ExceptionHandler::SendContinueSignalToChild sent continue signal to child
